f:\programming\smallprojects\jsonbts\jsonbts\debug\vc142.pdb
f:\programming\smallprojects\jsonbts\jsonbts\debug\vc142.idb
f:\programming\smallprojects\jsonbts\jsonbts\debug\servicenodes.obj
f:\programming\smallprojects\jsonbts\jsonbts\debug\sequencenode.obj
f:\programming\smallprojects\jsonbts\jsonbts\debug\selectornode.obj
f:\programming\smallprojects\jsonbts\jsonbts\debug\node.obj
f:\programming\smallprojects\jsonbts\jsonbts\debug\jsonbts.obj
f:\programming\smallprojects\jsonbts\jsonbts\debug\bts.obj
f:\programming\smallprojects\jsonbts\jsonbts\debug\paralelnode.obj
f:\programming\smallprojects\jsonbts\jsonbts\debug\condition.obj
f:\programming\smallprojects\jsonbts\jsonbts\debug\blackboard.obj
f:\programming\smallprojects\jsonbts\jsonbts\debug\nodefactory.obj
f:\programming\smallprojects\jsonbts\debug\jsonbts.exe
f:\programming\smallprojects\jsonbts\debug\jsonbts.ilk
f:\programming\smallprojects\jsonbts\debug\jsonbts.pdb
f:\programming\smallprojects\jsonbts\jsonbts\debug\jsonbts.tlog\cl.command.1.tlog
f:\programming\smallprojects\jsonbts\jsonbts\debug\jsonbts.tlog\cl.write.1.tlog
f:\programming\smallprojects\jsonbts\jsonbts\debug\jsonbts.tlog\link.command.1.tlog
f:\programming\smallprojects\jsonbts\jsonbts\debug\jsonbts.tlog\link.read.1.tlog
f:\programming\smallprojects\jsonbts\jsonbts\debug\jsonbts.tlog\link.write.1.tlog
